Analysis & Synthesis report for Lab4
Mon Jun 19 01:13:03 2023
Quartus Prime Version 22.1std.1 Build 917 02/14/2023 SC Lite Edition


---------------------
; Table of Contents ;
---------------------
  1. Legal Notice
  2. Analysis & Synthesis Summary
  3. Analysis & Synthesis Settings
  4. Parallel Compilation
  5. Analysis & Synthesis Source Files Read
  6. Analysis & Synthesis Resource Usage Summary
  7. Analysis & Synthesis Resource Utilization by Entity
  8. General Register Statistics
  9. Multiplexer Restructuring Statistics (Restructuring Performed)
 10. Parameter Settings for User Entity Instance: Lab4ALU:mine|yArith:myArith|yMux:my_mux
 11. Parameter Settings for User Entity Instance: Lab4ALU:mine|yMux4to1:my_mux|yMux:firstHalf
 12. Parameter Settings for User Entity Instance: Lab4ALU:mine|yMux4to1:my_mux|yMux:secondHalf
 13. Parameter Settings for User Entity Instance: Lab4ALU:mine|yMux4to1:my_mux|yMux:finalRight
 14. Parameter Settings for User Entity Instance: Lab4ALU:mine|yMux:Mux_For_Add_or_Sub
 15. Port Connectivity Checks: "Lab4ALU:mine"
 16. Post-Synthesis Netlist Statistics for Top Partition
 17. Elapsed Time Per Partition
 18. Analysis & Synthesis Messages



----------------
; Legal Notice ;
----------------
Copyright (C) 2023  Intel Corporation. All rights reserved.
Your use of Intel Corporation's design tools, logic functions 
and other software and tools, and any partner logic 
functions, and any output files from any of the foregoing 
(including device programming or simulation files), and any 
associated documentation or information are expressly subject 
to the terms and conditions of the Intel Program License 
Subscription Agreement, the Intel Quartus Prime License Agreement,
the Intel FPGA IP License Agreement, or other applicable license
agreement, including, without limitation, that your use is for
the sole purpose of programming logic devices manufactured by
Intel and sold by Intel or its authorized distributors.  Please
refer to the applicable agreement for further details, at
https://fpgasoftware.intel.com/eula.



+-------------------------------------------------------------------------------------+
; Analysis & Synthesis Summary                                                        ;
+------------------------------------+------------------------------------------------+
; Analysis & Synthesis Status        ; Successful - Mon Jun 19 01:13:03 2023          ;
; Quartus Prime Version              ; 22.1std.1 Build 917 02/14/2023 SC Lite Edition ;
; Revision Name                      ; Lab4                                           ;
; Top-level Entity Name              ; Lab4                                           ;
; Family                             ; MAX 10                                         ;
; Total logic elements               ; 27                                             ;
;     Total combinational functions  ; 27                                             ;
;     Dedicated logic registers      ; 0                                              ;
; Total registers                    ; 0                                              ;
; Total pins                         ; 46                                             ;
; Total virtual pins                 ; 0                                              ;
; Total memory bits                  ; 0                                              ;
; Embedded Multiplier 9-bit elements ; 0                                              ;
; Total PLLs                         ; 0                                              ;
; UFM blocks                         ; 0                                              ;
; ADC blocks                         ; 0                                              ;
+------------------------------------+------------------------------------------------+


+------------------------------------------------------------------------------------------------------------+
; Analysis & Synthesis Settings                                                                              ;
+------------------------------------------------------------------+--------------------+--------------------+
; Option                                                           ; Setting            ; Default Value      ;
+------------------------------------------------------------------+--------------------+--------------------+
; Device                                                           ; 10M50DAF484C7G     ;                    ;
; Top-level entity name                                            ; Lab4               ; Lab4               ;
; Family name                                                      ; MAX 10             ; Cyclone V          ;
; Use smart compilation                                            ; Off                ; Off                ;
; Enable parallel Assembler and Timing Analyzer during compilation ; On                 ; On                 ;
; Enable compact report table                                      ; Off                ; Off                ;
; Restructure Multiplexers                                         ; Auto               ; Auto               ;
; Create Debugging Nodes for IP Cores                              ; Off                ; Off                ;
; Preserve fewer node names                                        ; On                 ; On                 ;
; Intel FPGA IP Evaluation Mode                                    ; Enable             ; Enable             ;
; Verilog Version                                                  ; Verilog_2001       ; Verilog_2001       ;
; VHDL Version                                                     ; VHDL_1993          ; VHDL_1993          ;
; State Machine Processing                                         ; Auto               ; Auto               ;
; Safe State Machine                                               ; Off                ; Off                ;
; Extract Verilog State Machines                                   ; On                 ; On                 ;
; Extract VHDL State Machines                                      ; On                 ; On                 ;
; Ignore Verilog initial constructs                                ; Off                ; Off                ;
; Iteration limit for constant Verilog loops                       ; 5000               ; 5000               ;
; Iteration limit for non-constant Verilog loops                   ; 250                ; 250                ;
; Add Pass-Through Logic to Inferred RAMs                          ; On                 ; On                 ;
; Infer RAMs from Raw Logic                                        ; On                 ; On                 ;
; Parallel Synthesis                                               ; On                 ; On                 ;
; DSP Block Balancing                                              ; Auto               ; Auto               ;
; NOT Gate Push-Back                                               ; On                 ; On                 ;
; Power-Up Don't Care                                              ; On                 ; On                 ;
; Remove Redundant Logic Cells                                     ; Off                ; Off                ;
; Remove Duplicate Registers                                       ; On                 ; On                 ;
; Ignore CARRY Buffers                                             ; Off                ; Off                ;
; Ignore CASCADE Buffers                                           ; Off                ; Off                ;
; Ignore GLOBAL Buffers                                            ; Off                ; Off                ;
; Ignore ROW GLOBAL Buffers                                        ; Off                ; Off                ;
; Ignore LCELL Buffers                                             ; Off                ; Off                ;
; Ignore SOFT Buffers                                              ; On                 ; On                 ;
; Limit AHDL Integers to 32 Bits                                   ; Off                ; Off                ;
; Optimization Technique                                           ; Balanced           ; Balanced           ;
; Carry Chain Length                                               ; 70                 ; 70                 ;
; Auto Carry Chains                                                ; On                 ; On                 ;
; Auto Open-Drain Pins                                             ; On                 ; On                 ;
; Perform WYSIWYG Primitive Resynthesis                            ; Off                ; Off                ;
; Auto ROM Replacement                                             ; On                 ; On                 ;
; Auto RAM Replacement                                             ; On                 ; On                 ;
; Auto DSP Block Replacement                                       ; On                 ; On                 ;
; Auto Shift Register Replacement                                  ; Auto               ; Auto               ;
; Allow Shift Register Merging across Hierarchies                  ; Auto               ; Auto               ;
; Auto Clock Enable Replacement                                    ; On                 ; On                 ;
; Strict RAM Replacement                                           ; Off                ; Off                ;
; Allow Synchronous Control Signals                                ; On                 ; On                 ;
; Force Use of Synchronous Clear Signals                           ; Off                ; Off                ;
; Auto RAM Block Balancing                                         ; On                 ; On                 ;
; Auto RAM to Logic Cell Conversion                                ; Off                ; Off                ;
; Auto Resource Sharing                                            ; Off                ; Off                ;
; Allow Any RAM Size For Recognition                               ; Off                ; Off                ;
; Allow Any ROM Size For Recognition                               ; Off                ; Off                ;
; Allow Any Shift Register Size For Recognition                    ; Off                ; Off                ;
; Use LogicLock Constraints during Resource Balancing              ; On                 ; On                 ;
; Ignore translate_off and synthesis_off directives                ; Off                ; Off                ;
; Timing-Driven Synthesis                                          ; On                 ; On                 ;
; Report Parameter Settings                                        ; On                 ; On                 ;
; Report Source Assignments                                        ; On                 ; On                 ;
; Report Connectivity Checks                                       ; On                 ; On                 ;
; Ignore Maximum Fan-Out Assignments                               ; Off                ; Off                ;
; Synchronization Register Chain Length                            ; 2                  ; 2                  ;
; Power Optimization During Synthesis                              ; Normal compilation ; Normal compilation ;
; HDL message level                                                ; Level2             ; Level2             ;
; Suppress Register Optimization Related Messages                  ; Off                ; Off                ;
; Number of Removed Registers Reported in Synthesis Report         ; 5000               ; 5000               ;
; Number of Swept Nodes Reported in Synthesis Report               ; 5000               ; 5000               ;
; Number of Inverted Registers Reported in Synthesis Report        ; 100                ; 100                ;
; Clock MUX Protection                                             ; On                 ; On                 ;
; Auto Gated Clock Conversion                                      ; Off                ; Off                ;
; Block Design Naming                                              ; Auto               ; Auto               ;
; SDC constraint protection                                        ; Off                ; Off                ;
; Synthesis Effort                                                 ; Auto               ; Auto               ;
; Shift Register Replacement - Allow Asynchronous Clear Signal     ; On                 ; On                 ;
; Pre-Mapping Resynthesis Optimization                             ; Off                ; Off                ;
; Analysis & Synthesis Message Level                               ; Medium             ; Medium             ;
; Disable Register Merging Across Hierarchies                      ; Auto               ; Auto               ;
; Resource Aware Inference For Block RAM                           ; On                 ; On                 ;
+------------------------------------------------------------------+--------------------+--------------------+


+------------------------------------------+
; Parallel Compilation                     ;
+----------------------------+-------------+
; Processors                 ; Number      ;
+----------------------------+-------------+
; Number detected on machine ; 4           ;
; Maximum allowed            ; 4           ;
;                            ;             ;
; Average used               ; 1.00        ;
; Maximum used               ; 1           ;
;                            ;             ;
; Usage by Processor         ; % Time Used ;
;     Processor 1            ; 100.0%      ;
+----------------------------+-------------+


+----------------------------------------------------------------------------------------------------------------------------------+
; Analysis & Synthesis Source Files Read                                                                                           ;
+----------------------------------+-----------------+------------------------------+------------------------------------+---------+
; File Name with User-Entered Path ; Used in Netlist ; File Type                    ; File Name with Absolute Path       ; Library ;
+----------------------------------+-----------------+------------------------------+------------------------------------+---------+
; Lab4.sv                          ; yes             ; User SystemVerilog HDL File  ; C:/DE10_Lite_Projects/Lab4/Lab4.sv ;         ;
+----------------------------------+-----------------+------------------------------+------------------------------------+---------+


+------------------------------------------------------+
; Analysis & Synthesis Resource Usage Summary          ;
+---------------------------------------------+--------+
; Resource                                    ; Usage  ;
+---------------------------------------------+--------+
; Estimated Total logic elements              ; 27     ;
;                                             ;        ;
; Total combinational functions               ; 27     ;
; Logic element usage by number of LUT inputs ;        ;
;     -- 4 input functions                    ; 17     ;
;     -- 3 input functions                    ; 6      ;
;     -- <=2 input functions                  ; 4      ;
;                                             ;        ;
; Logic elements by mode                      ;        ;
;     -- normal mode                          ; 27     ;
;     -- arithmetic mode                      ; 0      ;
;                                             ;        ;
; Total registers                             ; 0      ;
;     -- Dedicated logic registers            ; 0      ;
;     -- I/O registers                        ; 0      ;
;                                             ;        ;
; I/O pins                                    ; 46     ;
;                                             ;        ;
; Embedded Multiplier 9-bit elements          ; 0      ;
;                                             ;        ;
; Maximum fan-out node                        ; HEX2~0 ;
; Maximum fan-out                             ; 11     ;
; Total fan-out                               ; 170    ;
; Average fan-out                             ; 1.43   ;
+---------------------------------------------+--------+


+-------------------------------------------------------------------------------------------------------------------------------------------------------------------------------------------------------------------------------------------------------------------------------------+
; Analysis & Synthesis Resource Utilization by Entity                                                                                                                                                                                                                                 ;
+---------------------------------+---------------------+---------------------------+-------------+------------+--------------+---------+-----------+------+--------------+------------+-----------------------------------------------------------------+-------------+--------------+
; Compilation Hierarchy Node      ; Combinational ALUTs ; Dedicated Logic Registers ; Memory Bits ; UFM Blocks ; DSP Elements ; DSP 9x9 ; DSP 18x18 ; Pins ; Virtual Pins ; ADC blocks ; Full Hierarchy Name                                             ; Entity Name ; Library Name ;
+---------------------------------+---------------------+---------------------------+-------------+------------+--------------+---------+-----------+------+--------------+------------+-----------------------------------------------------------------+-------------+--------------+
; |Lab4                           ; 27 (12)             ; 0 (0)                     ; 0           ; 0          ; 0            ; 0       ; 0         ; 46   ; 0            ; 0          ; |Lab4                                                           ; Lab4        ; work         ;
;    |Lab4ALU:mine|               ; 15 (1)              ; 0 (0)                     ; 0           ; 0          ; 0            ; 0       ; 0         ; 0    ; 0            ; 0          ; |Lab4|Lab4ALU:mine                                              ; Lab4ALU     ; work         ;
;       |yArith:myArith|          ; 7 (0)               ; 0 (0)                     ; 0           ; 0          ; 0            ; 0       ; 0         ; 0    ; 0            ; 0          ; |Lab4|Lab4ALU:mine|yArith:myArith                               ; yArith      ; work         ;
;          |yAdder:my_add|        ; 6 (1)               ; 0 (0)                     ; 0           ; 0          ; 0            ; 0       ; 0         ; 0    ; 0            ; 0          ; |Lab4|Lab4ALU:mine|yArith:myArith|yAdder:my_add                 ; yAdder      ; work         ;
;             |yAdder1:mine[0]|   ; 2 (2)               ; 0 (0)                     ; 0           ; 0          ; 0            ; 0       ; 0         ; 0    ; 0            ; 0          ; |Lab4|Lab4ALU:mine|yArith:myArith|yAdder:my_add|yAdder1:mine[0] ; yAdder1     ; work         ;
;             |yAdder1:mine[1]|   ; 2 (2)               ; 0 (0)                     ; 0           ; 0          ; 0            ; 0       ; 0         ; 0    ; 0            ; 0          ; |Lab4|Lab4ALU:mine|yArith:myArith|yAdder:my_add|yAdder1:mine[1] ; yAdder1     ; work         ;
;             |yAdder1:mine[2]|   ; 1 (1)               ; 0 (0)                     ; 0           ; 0          ; 0            ; 0       ; 0         ; 0    ; 0            ; 0          ; |Lab4|Lab4ALU:mine|yArith:myArith|yAdder:my_add|yAdder1:mine[2] ; yAdder1     ; work         ;
;          |yMux:my_mux|          ; 1 (0)               ; 0 (0)                     ; 0           ; 0          ; 0            ; 0       ; 0         ; 0    ; 0            ; 0          ; |Lab4|Lab4ALU:mine|yArith:myArith|yMux:my_mux                   ; yMux        ; work         ;
;             |yMux1:mine[1]|     ; 1 (1)               ; 0 (0)                     ; 0           ; 0          ; 0            ; 0       ; 0         ; 0    ; 0            ; 0          ; |Lab4|Lab4ALU:mine|yArith:myArith|yMux:my_mux|yMux1:mine[1]     ; yMux1       ; work         ;
;       |yMux:Mux_For_Add_or_Sub| ; 7 (0)               ; 0 (0)                     ; 0           ; 0          ; 0            ; 0       ; 0         ; 0    ; 0            ; 0          ; |Lab4|Lab4ALU:mine|yMux:Mux_For_Add_or_Sub                      ; yMux        ; work         ;
;          |yMux1:mine[0]|        ; 3 (3)               ; 0 (0)                     ; 0           ; 0          ; 0            ; 0       ; 0         ; 0    ; 0            ; 0          ; |Lab4|Lab4ALU:mine|yMux:Mux_For_Add_or_Sub|yMux1:mine[0]        ; yMux1       ; work         ;
;          |yMux1:mine[1]|        ; 2 (2)               ; 0 (0)                     ; 0           ; 0          ; 0            ; 0       ; 0         ; 0    ; 0            ; 0          ; |Lab4|Lab4ALU:mine|yMux:Mux_For_Add_or_Sub|yMux1:mine[1]        ; yMux1       ; work         ;
;          |yMux1:mine[2]|        ; 2 (2)               ; 0 (0)                     ; 0           ; 0          ; 0            ; 0       ; 0         ; 0    ; 0            ; 0          ; |Lab4|Lab4ALU:mine|yMux:Mux_For_Add_or_Sub|yMux1:mine[2]        ; yMux1       ; work         ;
+---------------------------------+---------------------+---------------------------+-------------+------------+--------------+---------+-----------+------+--------------+------------+-----------------------------------------------------------------+-------------+--------------+
Note: For table entries with two numbers listed, the numbers in parentheses indicate the number of resources of the given type used by the specific entity alone. The numbers listed outside of parentheses indicate the total resources of the given type used by the specific entity and all of its sub-entities in the hierarchy.


+------------------------------------------------------+
; General Register Statistics                          ;
+----------------------------------------------+-------+
; Statistic                                    ; Value ;
+----------------------------------------------+-------+
; Total registers                              ; 0     ;
; Number of registers using Synchronous Clear  ; 0     ;
; Number of registers using Synchronous Load   ; 0     ;
; Number of registers using Asynchronous Clear ; 0     ;
; Number of registers using Asynchronous Load  ; 0     ;
; Number of registers using Clock Enable       ; 0     ;
; Number of registers using Preset             ; 0     ;
+----------------------------------------------+-------+


+------------------------------------------------------------------------------------------------------------------------------------------------------------------------------+
; Multiplexer Restructuring Statistics (Restructuring Performed)                                                                                                               ;
+--------------------+-----------+---------------+----------------------+------------------------+------------+----------------------------------------------------------------+
; Multiplexer Inputs ; Bus Width ; Baseline Area ; Area if Restructured ; Saving if Restructured ; Registered ; Example Multiplexer Output                                     ;
+--------------------+-----------+---------------+----------------------+------------------------+------------+----------------------------------------------------------------+
; 5:1                ; 3 bits    ; 9 LEs         ; 6 LEs                ; 3 LEs                  ; No         ; |Lab4|Lab4ALU:mine|yMux:Mux_For_Add_or_Sub|yMux1:mine[0]|my_or ;
+--------------------+-----------+---------------+----------------------+------------------------+------------+----------------------------------------------------------------+


+--------------------------------------------------------------------------------------+
; Parameter Settings for User Entity Instance: Lab4ALU:mine|yArith:myArith|yMux:my_mux ;
+----------------+-------+-------------------------------------------------------------+
; Parameter Name ; Value ; Type                                                        ;
+----------------+-------+-------------------------------------------------------------+
; SIZE           ; 3     ; Signed Integer                                              ;
+----------------+-------+-------------------------------------------------------------+
Note: In order to hide this table in the UI and the text report file, please set the "Show Parameter Settings in Synthesis Report" option in "Analysis and Synthesis Settings -> More Settings" to "Off".


+------------------------------------------------------------------------------------------+
; Parameter Settings for User Entity Instance: Lab4ALU:mine|yMux4to1:my_mux|yMux:firstHalf ;
+----------------+-------+-----------------------------------------------------------------+
; Parameter Name ; Value ; Type                                                            ;
+----------------+-------+-----------------------------------------------------------------+
; SIZE           ; 3     ; Signed Integer                                                  ;
+----------------+-------+-----------------------------------------------------------------+
Note: In order to hide this table in the UI and the text report file, please set the "Show Parameter Settings in Synthesis Report" option in "Analysis and Synthesis Settings -> More Settings" to "Off".


+-------------------------------------------------------------------------------------------+
; Parameter Settings for User Entity Instance: Lab4ALU:mine|yMux4to1:my_mux|yMux:secondHalf ;
+----------------+-------+------------------------------------------------------------------+
; Parameter Name ; Value ; Type                                                             ;
+----------------+-------+------------------------------------------------------------------+
; SIZE           ; 3     ; Signed Integer                                                   ;
+----------------+-------+------------------------------------------------------------------+
Note: In order to hide this table in the UI and the text report file, please set the "Show Parameter Settings in Synthesis Report" option in "Analysis and Synthesis Settings -> More Settings" to "Off".


+-------------------------------------------------------------------------------------------+
; Parameter Settings for User Entity Instance: Lab4ALU:mine|yMux4to1:my_mux|yMux:finalRight ;
+----------------+-------+------------------------------------------------------------------+
; Parameter Name ; Value ; Type                                                             ;
+----------------+-------+------------------------------------------------------------------+
; SIZE           ; 3     ; Signed Integer                                                   ;
+----------------+-------+------------------------------------------------------------------+
Note: In order to hide this table in the UI and the text report file, please set the "Show Parameter Settings in Synthesis Report" option in "Analysis and Synthesis Settings -> More Settings" to "Off".


+-----------------------------------------------------------------------------------+
; Parameter Settings for User Entity Instance: Lab4ALU:mine|yMux:Mux_For_Add_or_Sub ;
+----------------+-------+----------------------------------------------------------+
; Parameter Name ; Value ; Type                                                     ;
+----------------+-------+----------------------------------------------------------+
; SIZE           ; 3     ; Signed Integer                                           ;
+----------------+-------+----------------------------------------------------------+
Note: In order to hide this table in the UI and the text report file, please set the "Show Parameter Settings in Synthesis Report" option in "Analysis and Synthesis Settings -> More Settings" to "Off".


+----------------------------------------------------------------------------------------------------------------+
; Port Connectivity Checks: "Lab4ALU:mine"                                                                       ;
+------+--------+----------+-------------------------------------------------------------------------------------+
; Port ; Type   ; Severity ; Details                                                                             ;
+------+--------+----------+-------------------------------------------------------------------------------------+
; cout ; Output ; Info     ; Connected to dangling logic. Logic that only feeds a dangling port will be removed. ;
+------+--------+----------+-------------------------------------------------------------------------------------+


+-----------------------------------------------------+
; Post-Synthesis Netlist Statistics for Top Partition ;
+-----------------------+-----------------------------+
; Type                  ; Count                       ;
+-----------------------+-----------------------------+
; boundary_port         ; 46                          ;
; cycloneiii_lcell_comb ; 39                          ;
;     normal            ; 39                          ;
;         0 data inputs ; 1                           ;
;         1 data inputs ; 11                          ;
;         2 data inputs ; 4                           ;
;         3 data inputs ; 6                           ;
;         4 data inputs ; 17                          ;
;                       ;                             ;
; Max LUT depth         ; 6.00                        ;
; Average LUT depth     ; 5.33                        ;
+-----------------------+-----------------------------+


+-------------------------------+
; Elapsed Time Per Partition    ;
+----------------+--------------+
; Partition Name ; Elapsed Time ;
+----------------+--------------+
; Top            ; 00:00:01     ;
+----------------+--------------+


+-------------------------------+
; Analysis & Synthesis Messages ;
+-------------------------------+
Info: *******************************************************************
Info: Running Quartus Prime Analysis & Synthesis
    Info: Version 22.1std.1 Build 917 02/14/2023 SC Lite Edition
    Info: Processing started: Mon Jun 19 01:12:32 2023
Info: Command: quartus_map --read_settings_files=on --write_settings_files=off Lab4 -c Lab4
Warning (18236): Number of processors has not been specified which may cause overloading on shared machines.  Set the global assignment NUM_PARALLEL_PROCESSORS in your QSF to an appropriate value for best performance.
Info (20030): Parallel compilation is enabled and will use 4 of the 4 processors detected
Info (12021): Found 8 design units, including 8 entities, in source file lab4.sv
    Info (12023): Found entity 1: Lab4 File: C:/DE10_Lite_Projects/Lab4/Lab4.sv Line: 1
    Info (12023): Found entity 2: Lab4ALU File: C:/DE10_Lite_Projects/Lab4/Lab4.sv Line: 109
    Info (12023): Found entity 3: yMux4to1 File: C:/DE10_Lite_Projects/Lab4/Lab4.sv Line: 134
    Info (12023): Found entity 4: yMux File: C:/DE10_Lite_Projects/Lab4/Lab4.sv Line: 148
    Info (12023): Found entity 5: yMux1 File: C:/DE10_Lite_Projects/Lab4/Lab4.sv Line: 160
    Info (12023): Found entity 6: yAdder1 File: C:/DE10_Lite_Projects/Lab4/Lab4.sv Line: 173
    Info (12023): Found entity 7: yAdder File: C:/DE10_Lite_Projects/Lab4/Lab4.sv Line: 186
    Info (12023): Found entity 8: yArith File: C:/DE10_Lite_Projects/Lab4/Lab4.sv Line: 204
Warning (10236): Verilog HDL Implicit Net warning at Lab4.sv(178): created implicit net for "tmp" File: C:/DE10_Lite_Projects/Lab4/Lab4.sv Line: 178
Warning (10236): Verilog HDL Implicit Net warning at Lab4.sv(180): created implicit net for "outL" File: C:/DE10_Lite_Projects/Lab4/Lab4.sv Line: 180
Warning (10236): Verilog HDL Implicit Net warning at Lab4.sv(181): created implicit net for "outR" File: C:/DE10_Lite_Projects/Lab4/Lab4.sv Line: 181
Info (12127): Elaborating entity "Lab4" for the top level hierarchy
Warning (10235): Verilog HDL Always Construct warning at Lab4.sv(21): variable "overflow" is read inside the Always Construct but isn't in the Always Construct's Event Control File: C:/DE10_Lite_Projects/Lab4/Lab4.sv Line: 21
Warning (10235): Verilog HDL Always Construct warning at Lab4.sv(21): variable "z" is read inside the Always Construct but isn't in the Always Construct's Event Control File: C:/DE10_Lite_Projects/Lab4/Lab4.sv Line: 21
Warning (10235): Verilog HDL Always Construct warning at Lab4.sv(21): variable "OpErrorCode" is read inside the Always Construct but isn't in the Always Construct's Event Control File: C:/DE10_Lite_Projects/Lab4/Lab4.sv Line: 21
Warning (10235): Verilog HDL Always Construct warning at Lab4.sv(22): variable "overflow" is read inside the Always Construct but isn't in the Always Construct's Event Control File: C:/DE10_Lite_Projects/Lab4/Lab4.sv Line: 22
Warning (10235): Verilog HDL Always Construct warning at Lab4.sv(22): variable "z" is read inside the Always Construct but isn't in the Always Construct's Event Control File: C:/DE10_Lite_Projects/Lab4/Lab4.sv Line: 22
Warning (10235): Verilog HDL Always Construct warning at Lab4.sv(22): variable "OpErrorCode" is read inside the Always Construct but isn't in the Always Construct's Event Control File: C:/DE10_Lite_Projects/Lab4/Lab4.sv Line: 22
Warning (10235): Verilog HDL Always Construct warning at Lab4.sv(23): variable "overflow" is read inside the Always Construct but isn't in the Always Construct's Event Control File: C:/DE10_Lite_Projects/Lab4/Lab4.sv Line: 23
Warning (10235): Verilog HDL Always Construct warning at Lab4.sv(23): variable "z" is read inside the Always Construct but isn't in the Always Construct's Event Control File: C:/DE10_Lite_Projects/Lab4/Lab4.sv Line: 23
Warning (10235): Verilog HDL Always Construct warning at Lab4.sv(23): variable "OpErrorCode" is read inside the Always Construct but isn't in the Always Construct's Event Control File: C:/DE10_Lite_Projects/Lab4/Lab4.sv Line: 23
Warning (10235): Verilog HDL Always Construct warning at Lab4.sv(24): variable "overflow" is read inside the Always Construct but isn't in the Always Construct's Event Control File: C:/DE10_Lite_Projects/Lab4/Lab4.sv Line: 24
Warning (10235): Verilog HDL Always Construct warning at Lab4.sv(24): variable "z" is read inside the Always Construct but isn't in the Always Construct's Event Control File: C:/DE10_Lite_Projects/Lab4/Lab4.sv Line: 24
Warning (10235): Verilog HDL Always Construct warning at Lab4.sv(24): variable "OpErrorCode" is read inside the Always Construct but isn't in the Always Construct's Event Control File: C:/DE10_Lite_Projects/Lab4/Lab4.sv Line: 24
Warning (10235): Verilog HDL Always Construct warning at Lab4.sv(25): variable "overflow" is read inside the Always Construct but isn't in the Always Construct's Event Control File: C:/DE10_Lite_Projects/Lab4/Lab4.sv Line: 25
Warning (10235): Verilog HDL Always Construct warning at Lab4.sv(25): variable "z" is read inside the Always Construct but isn't in the Always Construct's Event Control File: C:/DE10_Lite_Projects/Lab4/Lab4.sv Line: 25
Warning (10235): Verilog HDL Always Construct warning at Lab4.sv(25): variable "OpErrorCode" is read inside the Always Construct but isn't in the Always Construct's Event Control File: C:/DE10_Lite_Projects/Lab4/Lab4.sv Line: 25
Warning (10235): Verilog HDL Always Construct warning at Lab4.sv(26): variable "overflow" is read inside the Always Construct but isn't in the Always Construct's Event Control File: C:/DE10_Lite_Projects/Lab4/Lab4.sv Line: 26
Warning (10235): Verilog HDL Always Construct warning at Lab4.sv(26): variable "z" is read inside the Always Construct but isn't in the Always Construct's Event Control File: C:/DE10_Lite_Projects/Lab4/Lab4.sv Line: 26
Warning (10235): Verilog HDL Always Construct warning at Lab4.sv(26): variable "OpErrorCode" is read inside the Always Construct but isn't in the Always Construct's Event Control File: C:/DE10_Lite_Projects/Lab4/Lab4.sv Line: 26
Warning (10235): Verilog HDL Always Construct warning at Lab4.sv(32): variable "overflow" is read inside the Always Construct but isn't in the Always Construct's Event Control File: C:/DE10_Lite_Projects/Lab4/Lab4.sv Line: 32
Warning (10235): Verilog HDL Always Construct warning at Lab4.sv(32): variable "OpErrorCode" is read inside the Always Construct but isn't in the Always Construct's Event Control File: C:/DE10_Lite_Projects/Lab4/Lab4.sv Line: 32
Warning (10235): Verilog HDL Always Construct warning at Lab4.sv(35): variable "overflow" is read inside the Always Construct but isn't in the Always Construct's Event Control File: C:/DE10_Lite_Projects/Lab4/Lab4.sv Line: 35
Warning (10235): Verilog HDL Always Construct warning at Lab4.sv(35): variable "OpErrorCode" is read inside the Always Construct but isn't in the Always Construct's Event Control File: C:/DE10_Lite_Projects/Lab4/Lab4.sv Line: 35
Warning (10235): Verilog HDL Always Construct warning at Lab4.sv(36): variable "overflow" is read inside the Always Construct but isn't in the Always Construct's Event Control File: C:/DE10_Lite_Projects/Lab4/Lab4.sv Line: 36
Warning (10235): Verilog HDL Always Construct warning at Lab4.sv(36): variable "OpErrorCode" is read inside the Always Construct but isn't in the Always Construct's Event Control File: C:/DE10_Lite_Projects/Lab4/Lab4.sv Line: 36
Warning (10235): Verilog HDL Always Construct warning at Lab4.sv(37): variable "overflow" is read inside the Always Construct but isn't in the Always Construct's Event Control File: C:/DE10_Lite_Projects/Lab4/Lab4.sv Line: 37
Warning (10235): Verilog HDL Always Construct warning at Lab4.sv(37): variable "OpErrorCode" is read inside the Always Construct but isn't in the Always Construct's Event Control File: C:/DE10_Lite_Projects/Lab4/Lab4.sv Line: 37
Warning (10235): Verilog HDL Always Construct warning at Lab4.sv(40): variable "overflow" is read inside the Always Construct but isn't in the Always Construct's Event Control File: C:/DE10_Lite_Projects/Lab4/Lab4.sv Line: 40
Warning (10235): Verilog HDL Always Construct warning at Lab4.sv(40): variable "OpErrorCode" is read inside the Always Construct but isn't in the Always Construct's Event Control File: C:/DE10_Lite_Projects/Lab4/Lab4.sv Line: 40
Warning (10235): Verilog HDL Always Construct warning at Lab4.sv(44): variable "overflow" is read inside the Always Construct but isn't in the Always Construct's Event Control File: C:/DE10_Lite_Projects/Lab4/Lab4.sv Line: 44
Warning (10235): Verilog HDL Always Construct warning at Lab4.sv(44): variable "OpErrorCode" is read inside the Always Construct but isn't in the Always Construct's Event Control File: C:/DE10_Lite_Projects/Lab4/Lab4.sv Line: 44
Warning (10235): Verilog HDL Always Construct warning at Lab4.sv(45): variable "overflow" is read inside the Always Construct but isn't in the Always Construct's Event Control File: C:/DE10_Lite_Projects/Lab4/Lab4.sv Line: 45
Warning (10235): Verilog HDL Always Construct warning at Lab4.sv(45): variable "OpErrorCode" is read inside the Always Construct but isn't in the Always Construct's Event Control File: C:/DE10_Lite_Projects/Lab4/Lab4.sv Line: 45
Warning (10235): Verilog HDL Always Construct warning at Lab4.sv(46): variable "overflow" is read inside the Always Construct but isn't in the Always Construct's Event Control File: C:/DE10_Lite_Projects/Lab4/Lab4.sv Line: 46
Warning (10235): Verilog HDL Always Construct warning at Lab4.sv(46): variable "OpErrorCode" is read inside the Always Construct but isn't in the Always Construct's Event Control File: C:/DE10_Lite_Projects/Lab4/Lab4.sv Line: 46
Warning (10235): Verilog HDL Always Construct warning at Lab4.sv(51): variable "overflow" is read inside the Always Construct but isn't in the Always Construct's Event Control File: C:/DE10_Lite_Projects/Lab4/Lab4.sv Line: 51
Warning (10235): Verilog HDL Always Construct warning at Lab4.sv(51): variable "OpErrorCode" is read inside the Always Construct but isn't in the Always Construct's Event Control File: C:/DE10_Lite_Projects/Lab4/Lab4.sv Line: 51
Warning (10235): Verilog HDL Always Construct warning at Lab4.sv(52): variable "overflow" is read inside the Always Construct but isn't in the Always Construct's Event Control File: C:/DE10_Lite_Projects/Lab4/Lab4.sv Line: 52
Warning (10235): Verilog HDL Always Construct warning at Lab4.sv(52): variable "OpErrorCode" is read inside the Always Construct but isn't in the Always Construct's Event Control File: C:/DE10_Lite_Projects/Lab4/Lab4.sv Line: 52
Warning (10235): Verilog HDL Always Construct warning at Lab4.sv(53): variable "overflow" is read inside the Always Construct but isn't in the Always Construct's Event Control File: C:/DE10_Lite_Projects/Lab4/Lab4.sv Line: 53
Warning (10235): Verilog HDL Always Construct warning at Lab4.sv(53): variable "OpErrorCode" is read inside the Always Construct but isn't in the Always Construct's Event Control File: C:/DE10_Lite_Projects/Lab4/Lab4.sv Line: 53
Warning (10235): Verilog HDL Always Construct warning at Lab4.sv(60): variable "OpErrorCode" is read inside the Always Construct but isn't in the Always Construct's Event Control File: C:/DE10_Lite_Projects/Lab4/Lab4.sv Line: 60
Warning (10235): Verilog HDL Always Construct warning at Lab4.sv(63): variable "OpErrorCode" is read inside the Always Construct but isn't in the Always Construct's Event Control File: C:/DE10_Lite_Projects/Lab4/Lab4.sv Line: 63
Warning (10235): Verilog HDL Always Construct warning at Lab4.sv(64): variable "OpErrorCode" is read inside the Always Construct but isn't in the Always Construct's Event Control File: C:/DE10_Lite_Projects/Lab4/Lab4.sv Line: 64
Warning (10235): Verilog HDL Always Construct warning at Lab4.sv(65): variable "OpErrorCode" is read inside the Always Construct but isn't in the Always Construct's Event Control File: C:/DE10_Lite_Projects/Lab4/Lab4.sv Line: 65
Warning (10235): Verilog HDL Always Construct warning at Lab4.sv(66): variable "OpErrorCode" is read inside the Always Construct but isn't in the Always Construct's Event Control File: C:/DE10_Lite_Projects/Lab4/Lab4.sv Line: 66
Warning (10235): Verilog HDL Always Construct warning at Lab4.sv(74): variable "z" is read inside the Always Construct but isn't in the Always Construct's Event Control File: C:/DE10_Lite_Projects/Lab4/Lab4.sv Line: 74
Warning (10235): Verilog HDL Always Construct warning at Lab4.sv(74): variable "overflow" is read inside the Always Construct but isn't in the Always Construct's Event Control File: C:/DE10_Lite_Projects/Lab4/Lab4.sv Line: 74
Warning (10235): Verilog HDL Always Construct warning at Lab4.sv(74): variable "OpErrorCode" is read inside the Always Construct but isn't in the Always Construct's Event Control File: C:/DE10_Lite_Projects/Lab4/Lab4.sv Line: 74
Warning (10235): Verilog HDL Always Construct warning at Lab4.sv(77): variable "z" is read inside the Always Construct but isn't in the Always Construct's Event Control File: C:/DE10_Lite_Projects/Lab4/Lab4.sv Line: 77
Warning (10235): Verilog HDL Always Construct warning at Lab4.sv(77): variable "overflow" is read inside the Always Construct but isn't in the Always Construct's Event Control File: C:/DE10_Lite_Projects/Lab4/Lab4.sv Line: 77
Warning (10235): Verilog HDL Always Construct warning at Lab4.sv(77): variable "OpErrorCode" is read inside the Always Construct but isn't in the Always Construct's Event Control File: C:/DE10_Lite_Projects/Lab4/Lab4.sv Line: 77
Warning (10235): Verilog HDL Always Construct warning at Lab4.sv(80): variable "z" is read inside the Always Construct but isn't in the Always Construct's Event Control File: C:/DE10_Lite_Projects/Lab4/Lab4.sv Line: 80
Warning (10235): Verilog HDL Always Construct warning at Lab4.sv(80): variable "overflow" is read inside the Always Construct but isn't in the Always Construct's Event Control File: C:/DE10_Lite_Projects/Lab4/Lab4.sv Line: 80
Warning (10235): Verilog HDL Always Construct warning at Lab4.sv(80): variable "OpErrorCode" is read inside the Always Construct but isn't in the Always Construct's Event Control File: C:/DE10_Lite_Projects/Lab4/Lab4.sv Line: 80
Warning (10235): Verilog HDL Always Construct warning at Lab4.sv(83): variable "z" is read inside the Always Construct but isn't in the Always Construct's Event Control File: C:/DE10_Lite_Projects/Lab4/Lab4.sv Line: 83
Warning (10235): Verilog HDL Always Construct warning at Lab4.sv(83): variable "overflow" is read inside the Always Construct but isn't in the Always Construct's Event Control File: C:/DE10_Lite_Projects/Lab4/Lab4.sv Line: 83
Warning (10235): Verilog HDL Always Construct warning at Lab4.sv(83): variable "OpErrorCode" is read inside the Always Construct but isn't in the Always Construct's Event Control File: C:/DE10_Lite_Projects/Lab4/Lab4.sv Line: 83
Warning (10235): Verilog HDL Always Construct warning at Lab4.sv(86): variable "z" is read inside the Always Construct but isn't in the Always Construct's Event Control File: C:/DE10_Lite_Projects/Lab4/Lab4.sv Line: 86
Warning (10235): Verilog HDL Always Construct warning at Lab4.sv(86): variable "overflow" is read inside the Always Construct but isn't in the Always Construct's Event Control File: C:/DE10_Lite_Projects/Lab4/Lab4.sv Line: 86
Warning (10235): Verilog HDL Always Construct warning at Lab4.sv(86): variable "OpErrorCode" is read inside the Always Construct but isn't in the Always Construct's Event Control File: C:/DE10_Lite_Projects/Lab4/Lab4.sv Line: 86
Warning (10235): Verilog HDL Always Construct warning at Lab4.sv(88): variable "overflow" is read inside the Always Construct but isn't in the Always Construct's Event Control File: C:/DE10_Lite_Projects/Lab4/Lab4.sv Line: 88
Warning (10235): Verilog HDL Always Construct warning at Lab4.sv(88): variable "OpErrorCode" is read inside the Always Construct but isn't in the Always Construct's Event Control File: C:/DE10_Lite_Projects/Lab4/Lab4.sv Line: 88
Warning (10235): Verilog HDL Always Construct warning at Lab4.sv(91): variable "z" is read inside the Always Construct but isn't in the Always Construct's Event Control File: C:/DE10_Lite_Projects/Lab4/Lab4.sv Line: 91
Warning (10235): Verilog HDL Always Construct warning at Lab4.sv(91): variable "overflow" is read inside the Always Construct but isn't in the Always Construct's Event Control File: C:/DE10_Lite_Projects/Lab4/Lab4.sv Line: 91
Warning (10235): Verilog HDL Always Construct warning at Lab4.sv(91): variable "OpErrorCode" is read inside the Always Construct but isn't in the Always Construct's Event Control File: C:/DE10_Lite_Projects/Lab4/Lab4.sv Line: 91
Warning (10235): Verilog HDL Always Construct warning at Lab4.sv(97): variable "z" is read inside the Always Construct but isn't in the Always Construct's Event Control File: C:/DE10_Lite_Projects/Lab4/Lab4.sv Line: 97
Warning (10235): Verilog HDL Always Construct warning at Lab4.sv(97): variable "overflow" is read inside the Always Construct but isn't in the Always Construct's Event Control File: C:/DE10_Lite_Projects/Lab4/Lab4.sv Line: 97
Warning (10235): Verilog HDL Always Construct warning at Lab4.sv(97): variable "OpErrorCode" is read inside the Always Construct but isn't in the Always Construct's Event Control File: C:/DE10_Lite_Projects/Lab4/Lab4.sv Line: 97
Info (12128): Elaborating entity "Lab4ALU" for hierarchy "Lab4ALU:mine" File: C:/DE10_Lite_Projects/Lab4/Lab4.sv Line: 14
Info (12128): Elaborating entity "yArith" for hierarchy "Lab4ALU:mine|yArith:myArith" File: C:/DE10_Lite_Projects/Lab4/Lab4.sv Line: 127
Info (12128): Elaborating entity "yMux" for hierarchy "Lab4ALU:mine|yArith:myArith|yMux:my_mux" File: C:/DE10_Lite_Projects/Lab4/Lab4.sv Line: 214
Info (12128): Elaborating entity "yMux1" for hierarchy "Lab4ALU:mine|yArith:myArith|yMux:my_mux|yMux1:mine[0]" File: C:/DE10_Lite_Projects/Lab4/Lab4.sv Line: 156
Info (12128): Elaborating entity "yAdder" for hierarchy "Lab4ALU:mine|yArith:myArith|yAdder:my_add" File: C:/DE10_Lite_Projects/Lab4/Lab4.sv Line: 215
Info (12128): Elaborating entity "yAdder1" for hierarchy "Lab4ALU:mine|yArith:myArith|yAdder:my_add|yAdder1:mine[0]" File: C:/DE10_Lite_Projects/Lab4/Lab4.sv Line: 193
Info (12128): Elaborating entity "yMux4to1" for hierarchy "Lab4ALU:mine|yMux4to1:my_mux" File: C:/DE10_Lite_Projects/Lab4/Lab4.sv Line: 128
Warning (13024): Output pins are stuck at VCC or GND
    Warning (13410): Pin "HEX5[5]" is stuck at VCC File: C:/DE10_Lite_Projects/Lab4/Lab4.sv Line: 6
    Warning (13410): Pin "HEX3[1]" is stuck at VCC File: C:/DE10_Lite_Projects/Lab4/Lab4.sv Line: 5
    Warning (13410): Pin "HEX3[2]" is stuck at VCC File: C:/DE10_Lite_Projects/Lab4/Lab4.sv Line: 5
    Warning (13410): Pin "HEX2[6]" is stuck at VCC File: C:/DE10_Lite_Projects/Lab4/Lab4.sv Line: 4
    Warning (13410): Pin "HEX1[3]" is stuck at VCC File: C:/DE10_Lite_Projects/Lab4/Lab4.sv Line: 4
    Warning (13410): Pin "HEX0[0]" is stuck at VCC File: C:/DE10_Lite_Projects/Lab4/Lab4.sv Line: 4
    Warning (13410): Pin "HEX0[6]" is stuck at VCC File: C:/DE10_Lite_Projects/Lab4/Lab4.sv Line: 4
Info (286030): Timing-Driven Synthesis is running
Info (16010): Generating hard_block partition "hard_block:auto_generated_inst"
    Info (16011): Adding 0 node(s), including 0 DDIO, 0 PLL, 0 transceiver and 0 LCELL
Info (21057): Implemented 73 device resources after synthesis - the final resource count might be different
    Info (21058): Implemented 9 input pins
    Info (21059): Implemented 37 output pins
    Info (21061): Implemented 27 logic cells
Info: Quartus Prime Analysis & Synthesis was successful. 0 errors, 80 warnings
    Info: Peak virtual memory: 4759 megabytes
    Info: Processing ended: Mon Jun 19 01:13:03 2023
    Info: Elapsed time: 00:00:31
    Info: Total CPU time (on all processors): 00:01:04


